<?xml version="1.0" encoding="UTF-8"?>
<testng-results ignored="0" total="1" passed="1" failed="0" skipped="0">
  <reporter-output>
  </reporter-output>
  <suite started-at="2022-01-22T15:00:19 IST" name="Default suite" finished-at="2022-01-22T15:00:19 IST" duration-ms="88">
    <groups>
    </groups>
    <test started-at="2022-01-22T15:00:19 IST" name="Default test" finished-at="2022-01-22T15:00:19 IST" duration-ms="88">
      <class name="test.NewTest">
        <test-method signature="f()[pri:0, instance:test.NewTest@2ddc9a9f]" started-at="2022-01-22T15:00:19 IST" name="f" finished-at="2022-01-22T15:00:19 IST" duration-ms="28" status="PASS">
          <reporter-output>
          </reporter-output>
        </test-method> <!-- f -->
      </class> <!-- test.NewTest -->
    </test> <!-- Default test -->
  </suite> <!-- Default suite -->
</testng-results>
